<?xml version="1.0" encoding="utf-8"?><testsuites name="pytest tests"><testsuite name="pytest" errors="0" failures="0" skipped="4" tests="6" time="3.800" timestamp="2025-10-06T14:41:11.420443+02:00" hostname="Casper-Desktop"><testcase classname="testing.tests.test_performance_benchmarks.TestPerformanceBenchmarks" name="test_end_to_end_pipeline_performance" time="0.435"><skipped type="pytest.skip" message="No audio files available for end-to-end test">C:\repos\DNDStoryTelling\testing\tests\test_performance_benchmarks.py:214: No audio files available for end-to-end test</skipped></testcase><testcase classname="testing.tests.test_security.TestSecurityIntegration" name="test_comprehensive_security_validation" time="0.048" /><testcase classname="testing.tests.test_security.TestSecurityIntegration" name="test_security_logging" time="0.002" /><testcase classname="testing.tests.test_story_generator_enhanced.TestStoryGeneratorIntegration" name="test_generate_story_from_transcription" time="0.828"><skipped type="pytest.skip" message="OpenAI API not available for testing: OpenAI API key authentication failed. Please check your API key.">C:\repos\DNDStoryTelling\testing\tests\test_story_generator_enhanced.py:170: OpenAI API not available for testing: OpenAI API key authentication failed. Please check your API key.</skipped></testcase><testcase classname="testing.tests.test_story_generator_enhanced.TestStoryGeneratorIntegration" name="test_story_quality_metrics" time="0.615"><skipped type="pytest.skip" message="OpenAI API not available for testing: OpenAI API key authentication failed. Please check your API key.">C:\repos\DNDStoryTelling\testing\tests\test_story_generator_enhanced.py:210: OpenAI API not available for testing: OpenAI API key authentication failed. Please check your API key.</skipped></testcase><testcase classname="testing.tests.test_story_generator_enhanced.TestStoryGeneratorWithRealAudio" name="test_end_to_end_audio_to_story" time="0.426"><skipped type="pytest.skip" message="No suitable D&amp;D audio files available">C:\repos\DNDStoryTelling\testing\tests\test_story_generator_enhanced.py:379: No suitable D&amp;D audio files available</skipped></testcase></testsuite></testsuites>