<?xml version="1.0" encoding="utf-8"?><testsuites name="pytest tests"><testsuite name="pytest" errors="0" failures="0" skipped="0" tests="3" time="2.501" timestamp="2025-10-06T14:41:02.299066+02:00" hostname="Casper-Desktop"><testcase classname="testing.tests.test_audio_processor_enhanced.TestAudioProcessorUnit" name="test_supported_formats_validation" time="0.009" /><testcase classname="testing.tests.test_story_generator_enhanced.TestStoryGeneratorUnit" name="test_story_context_validation" time="0.420" /><testcase classname="testing.tests.test_story_generator_enhanced.TestStoryGeneratorUnit" name="test_transcription_preprocessing" time="0.417" /></testsuite></testsuites>